<?xml version="1.0" encoding="UTF-8"?>
<!-- Generated by org.testng.reporters.JUnitReportReporter -->
<testsuite skipped="0" hostname="DESKTOP-BODON4L" name="Runners.TestRunner" tests="18" failures="2" timestamp="2022-05-01T16:34:29 EET" time="346.443" errors="1">
  <testcase name="runScenario" time="11.132" classname="Runners.TestRunner">
    <failure type="java.lang.AssertionError" message="expected [https://demo.nopcommerce.com/nokia-lumia-1020] but found [https://demo.nopcommerce.com/]">
      <![CDATA[java.lang.AssertionError: expected [https://demo.nopcommerce.com/nokia-lumia-1020] but found [https://demo.nopcommerce.com/]
at org.testng.Assert.fail(Assert.java:99)
at org.testng.Assert.failNotEquals(Assert.java:1037)
at org.testng.Assert.assertEqualsImpl(Assert.java:140)
at org.testng.Assert.assertEquals(Assert.java:122)
at org.testng.Assert.assertEquals(Assert.java:629)
at org.testng.Assert.assertEquals(Assert.java:639)
at Step_Definitions.D06_SliderWrapper.navigate_to_Nokia_related_page(D06_SliderWrapper.java:18)
at ✽.user navigate to Nokia related page(file:///C:/Users/ASMAA%20AHMED/IdeaProjects/Asmaa_FinalProject_NopCommerce/src/main/resources/Features/F06_SliderWrapper.feature:6)
]]>
    </failure>
  </testcase> <!-- runScenario -->
  <system-out/>
  <testcase name="runScenario" time="19.744" classname="Runners.TestRunner"/>
  <system-out/>
  <testcase name="runScenario" time="20.984" classname="Runners.TestRunner"/>
  <system-out/>
  <testcase name="runScenario" time="11.706" classname="Runners.TestRunner"/>
  <system-out/>
  <testcase name="runScenario" time="13.317" classname="Runners.TestRunner"/>
  <system-out/>
  <testcase name="runScenario" time="28.333" classname="Runners.TestRunner">
    <error type="org.openqa.selenium.TimeoutException" message="Expected condition failed: waiting for number of open windows to be 2 (tried for 15 second(s) with 500 milliseconds interval)
Build info: version: &#039;4.1.2&#039;, revision: &#039;9a5a329c5a&#039;
System info: host: &#039;DESKTOP-BODON4L&#039;, ip: &#039;192.168.1.6&#039;, os.name: &#039;Windows 10&#039;, os.arch: &#039;amd64&#039;, os.version: &#039;10.0&#039;, java.version: &#039;1.8.0_311&#039;
Driver info: org.openqa.selenium.chrome.ChromeDriver
Capabilities {acceptInsecureCerts: false, browserName: chrome, browserVersion: 100.0.4896.127, chrome: {chromedriverVersion: 100.0.4896.60 (6a5d10861ce8..., userDataDir: C:\Users\ASMAAA~1\AppData\L...}, goog:chromeOptions: {debuggerAddress: localhost:58265}, javascriptEnabled: true, networkConnectionEnabled: false, pageLoadStrategy: normal, platform: WINDOWS, platformName: WINDOWS, proxy: Proxy(), se:cdp: ws://localhost:58265/devtoo..., se:cdpVersion: 100.0.4896.127, setWindowRect: true, strictFileInteractability: false, timeouts: {implicit: 0, pageLoad: 300000, script: 30000}, unhandledPromptBehavior: dismiss and notify, webauthn:extension:credBlob: true, webauthn:extension:largeBlob: true, webauthn:virtualAuthenticators: true}
Session ID: 11b8575b17cf21af811009b675be4458">
      <![CDATA[org.openqa.selenium.TimeoutException: Expected condition failed: waiting for number of open windows to be 2 (tried for 15 second(s) with 500 milliseconds interval)
Build info: version: '4.1.2', revision: '9a5a329c5a'
System info: host: 'DESKTOP-BODON4L', ip: '192.168.1.6', os.name: 'Windows 10', os.arch: 'amd64', os.version: '10.0', java.version: '1.8.0_311'
Driver info: org.openqa.selenium.chrome.ChromeDriver
Capabilities {acceptInsecureCerts: false, browserName: chrome, browserVersion: 100.0.4896.127, chrome: {chromedriverVersion: 100.0.4896.60 (6a5d10861ce8..., userDataDir: C:\Users\ASMAAA~1\AppData\L...}, goog:chromeOptions: {debuggerAddress: localhost:58265}, javascriptEnabled: true, networkConnectionEnabled: false, pageLoadStrategy: normal, platform: WINDOWS, platformName: WINDOWS, proxy: Proxy(), se:cdp: ws://localhost:58265/devtoo..., se:cdpVersion: 100.0.4896.127, setWindowRect: true, strictFileInteractability: false, timeouts: {implicit: 0, pageLoad: 300000, script: 30000}, unhandledPromptBehavior: dismiss and notify, webauthn:extension:credBlob: true, webauthn:extension:largeBlob: true, webauthn:virtualAuthenticators: true}
Session ID: 11b8575b17cf21af811009b675be4458
at org.openqa.selenium.support.ui.WebDriverWait.timeoutException(WebDriverWait.java:138)
at org.openqa.selenium.support.ui.FluentWait.until(FluentWait.java:231)
at Step_Definitions.D07_FollowUs_StepDefs.click_on_news_icon(D07_FollowUs_StepDefs.java:82)
at ✽.user click on news icon(file:///C:/Users/ASMAA%20AHMED/IdeaProjects/Asmaa_FinalProject_NopCommerce/src/main/resources/Features/F07_FollowUs.feature:12)
]]>
    </error>
  </testcase> <!-- runScenario -->
  <system-out/>
  <testcase name="runScenario" time="22.944" classname="Runners.TestRunner"/>
  <system-out/>
  <testcase name="runScenario" time="19.713" classname="Runners.TestRunner"/>
  <system-out/>
  <testcase name="runScenario" time="16.088" classname="Runners.TestRunner"/>
  <system-out/>
  <testcase name="runScenario" time="14.378" classname="Runners.TestRunner">
    <failure type="java.lang.AssertionError" message="expected [https://demo.nopcommerce.com/iphoneS6] but found [https://demo.nopcommerce.com/]">
      <![CDATA[java.lang.AssertionError: expected [https://demo.nopcommerce.com/iphoneS6] but found [https://demo.nopcommerce.com/]
at org.testng.Assert.fail(Assert.java:99)
at org.testng.Assert.failNotEquals(Assert.java:1037)
at org.testng.Assert.assertEqualsImpl(Assert.java:140)
at org.testng.Assert.assertEquals(Assert.java:122)
at org.testng.Assert.assertEquals(Assert.java:629)
at org.testng.Assert.assertEquals(Assert.java:639)
at Step_Definitions.D06_SliderWrapper.navigate_to_Iphone_related_page(D06_SliderWrapper.java:28)
at ✽.user navigate to Iphone related page(file:///C:/Users/ASMAA%20AHMED/IdeaProjects/Asmaa_FinalProject_NopCommerce/src/main/resources/Features/F06_SliderWrapper.feature:10)
]]>
    </failure>
  </testcase> <!-- runScenario -->
  <system-out/>
  <testcase name="runScenario" time="12.970" classname="Runners.TestRunner"/>
  <system-out/>
  <testcase name="runScenario" time="16.428" classname="Runners.TestRunner"/>
  <system-out/>
  <testcase name="runScenario" time="46.225" classname="Runners.TestRunner"/>
  <system-out/>
  <testcase name="runScenario" time="21.820" classname="Runners.TestRunner"/>
  <system-out/>
  <testcase name="runScenario" time="11.082" classname="Runners.TestRunner"/>
  <system-out/>
  <testcase name="runScenario" time="23.848" classname="Runners.TestRunner"/>
  <system-out/>
  <testcase name="runScenario" time="20.069" classname="Runners.TestRunner"/>
  <system-out/>
  <testcase name="runScenario" time="15.662" classname="Runners.TestRunner"/>
  <system-out/>
</testsuite> <!-- Runners.TestRunner -->
